# JRE version: Java(TM) SE Runtime Environment (8.0_321-b07) (build 1.8.0_321-b07)
# Java VM: Java HotSpot(TM) Client VM (25.321-b07 mixed mode windows-x86 )
Heap:
 def new generation   total 4928K, used 485K [0x04400000, 0x04950000, 0x09950000)
  eden space 4416K,   3% used [0x04400000, 0x044292d0, 0x04850000)
  from space 512K,  62% used [0x048d0000, 0x04920160, 0x04950000)
  to   space 512K,   0% used [0x04850000, 0x04850000, 0x048d0000)
 tenured generation   total 10944K, used 7326K [0x09950000, 0x0a400000, 0x14400000)
   the space 10944K,  66% used [0x09950000, 0x0a077ac0, 0x0a077c00, 0x0a400000)
 Metaspace       used 7749K, capacity 7909K, committed 8064K, reserved 8576K
GC Heap History (10 events):
Event: 2.614 GC heap before
{Heap before GC invocations=4 (full 0):
 def new generation   total 4928K, used 4927K [0x04400000, 0x04950000, 0x09950000)
  eden space 4416K, 100% used [0x04400000, 0x04850000, 0x04850000)
  from space 512K,  99% used [0x04850000, 0x048cfff8, 0x048d0000)
  to   space 512K,   0% used [0x048d0000, 0x048d0000, 0x04950000)
 tenured generation   total 10944K, used 3863K [0x09950000, 0x0a400000, 0x14400000)
   the space 10944K,  35% used [0x09950000, 0x09d15dd8, 0x09d15e00, 0x0a400000)
 Metaspace       used 6756K, capacity 6905K, committed 7040K, reserved 7552K
Event: 2.616 GC heap after
Heap after GC invocations=5 (full 0):
 def new generation   total 4928K, used 512K [0x04400000, 0x04950000, 0x09950000)
  eden space 4416K,   0% used [0x04400000, 0x04400000, 0x04850000)
  from space 512K, 100% used [0x048d0000, 0x04950000, 0x04950000)
  to   space 512K,   0% used [0x04850000, 0x04850000, 0x048d0000)
 tenured generation   total 10944K, used 5356K [0x09950000, 0x0a400000, 0x14400000)
   the space 10944K,  48% used [0x09950000, 0x09e8b0c8, 0x09e8b200, 0x0a400000)
 Metaspace       used 6756K, capacity 6905K, committed 7040K, reserved 7552K
}
Event: 4.484 GC heap before
{Heap before GC invocations=5 (full 0):
 def new generation   total 4928K, used 4928K [0x04400000, 0x04950000, 0x09950000)
  eden space 4416K, 100% used [0x04400000, 0x04850000, 0x04850000)
  from space 512K, 100% used [0x048d0000, 0x04950000, 0x04950000)
  to   space 512K,   0% used [0x04850000, 0x04850000, 0x048d0000)
 tenured generation   total 10944K, used 5356K [0x09950000, 0x0a400000, 0x14400000)
   the space 10944K,  48% used [0x09950000, 0x09e8b0c8, 0x09e8b200, 0x0a400000)
 Metaspace       used 7434K, capacity 7609K, committed 7680K, reserved 8576K
Event: 4.486 GC heap after
Heap after GC invocations=6 (full 0):
 def new generation   total 4928K, used 512K [0x04400000, 0x04950000, 0x09950000)
  eden space 4416K,   0% used [0x04400000, 0x04400000, 0x04850000)
  from space 512K, 100% used [0x04850000, 0x048d0000, 0x048d0000)
  to   space 512K,   0% used [0x048d0000, 0x048d0000, 0x04950000)
 tenured generation   total 10944K, used 6598K [0x09950000, 0x0a400000, 0x14400000)
   the space 10944K,  60% used [0x09950000, 0x09fc1a08, 0x09fc1c00, 0x0a400000)
 Metaspace       used 7434K, capacity 7609K, committed 7680K, reserved 8576K
}
Event: 21.582 GC heap before
{Heap before GC invocations=6 (full 0):
 def new generation   total 4928K, used 4928K [0x04400000, 0x04950000, 0x09950000)
  eden space 4416K, 100% used [0x04400000, 0x04850000, 0x04850000)
  from space 512K, 100% used [0x04850000, 0x048d0000, 0x048d0000)
  to   space 512K,   0% used [0x048d0000, 0x048d0000, 0x04950000)
 tenured generation   total 10944K, used 6598K [0x09950000, 0x0a400000, 0x14400000)
   the space 10944K,  60% used [0x09950000, 0x09fc1a08, 0x09fc1c00, 0x0a400000)
 Metaspace       used 7748K, capacity 7909K, committed 8064K, reserved 8576K
Event: 21.583 GC heap after
Heap after GC invocations=7 (full 0):
 def new generation   total 4928K, used 512K [0x04400000, 0x04950000, 0x09950000)
  eden space 4416K,   0% used [0x04400000, 0x04400000, 0x04850000)
  from space 512K, 100% used [0x048d0000, 0x04950000, 0x04950000)
  to   space 512K,   0% used [0x04850000, 0x04850000, 0x048d0000)
 tenured generation   total 10944K, used 7078K [0x09950000, 0x0a400000, 0x14400000)
   the space 10944K,  64% used [0x09950000, 0x0a0399d0, 0x0a039a00, 0x0a400000)
 Metaspace       used 7748K, capacity 7909K, committed 8064K, reserved 8576K
}
Event: 43.066 GC heap before
{Heap before GC invocations=7 (full 0):
 def new generation   total 4928K, used 4928K [0x04400000, 0x04950000, 0x09950000)
  eden space 4416K, 100% used [0x04400000, 0x04850000, 0x04850000)
  from space 512K, 100% used [0x048d0000, 0x04950000, 0x04950000)
  to   space 512K,   0% used [0x04850000, 0x04850000, 0x048d0000)
 tenured generation   total 10944K, used 7078K [0x09950000, 0x0a400000, 0x14400000)
   the space 10944K,  64% used [0x09950000, 0x0a0399d0, 0x0a039a00, 0x0a400000)
 Metaspace       used 7748K, capacity 7909K, committed 8064K, reserved 8576K
Event: 43.067 GC heap after
Heap after GC invocations=8 (full 0):
 def new generation   total 4928K, used 254K [0x04400000, 0x04950000, 0x09950000)
  eden space 4416K,   0% used [0x04400000, 0x04400000, 0x04850000)
  from space 512K,  49% used [0x04850000, 0x0488f980, 0x048d0000)
  to   space 512K,   0% used [0x048d0000, 0x048d0000, 0x04950000)
 tenured generation   total 10944K, used 7326K [0x09950000, 0x0a400000, 0x14400000)
   the space 10944K,  66% used [0x09950000, 0x0a077ac0, 0x0a077c00, 0x0a400000)
 Metaspace       used 7748K, capacity 7909K, committed 8064K, reserved 8576K
}
Event: 62.117 GC heap before
{Heap before GC invocations=8 (full 0):
 def new generation   total 4928K, used 4670K [0x04400000, 0x04950000, 0x09950000)
  eden space 4416K, 100% used [0x04400000, 0x04850000, 0x04850000)
  from space 512K,  49% used [0x04850000, 0x0488f980, 0x048d0000)
  to   space 512K,   0% used [0x048d0000, 0x048d0000, 0x04950000)
 tenured generation   total 10944K, used 7326K [0x09950000, 0x0a400000, 0x14400000)
   the space 10944K,  66% used [0x09950000, 0x0a077ac0, 0x0a077c00, 0x0a400000)
 Metaspace       used 7749K, capacity 7909K, committed 8064K, reserved 8576K
Event: 62.118 GC heap after
Heap after GC invocations=9 (full 0):
 def new generation   total 4928K, used 320K [0x04400000, 0x04950000, 0x09950000)
  eden space 4416K,   0% used [0x04400000, 0x04400000, 0x04850000)
  from space 512K,  62% used [0x048d0000, 0x04920160, 0x04950000)
  to   space 512K,   0% used [0x04850000, 0x04850000, 0x048d0000)
 tenured generation   total 10944K, used 7326K [0x09950000, 0x0a400000, 0x14400000)
   the space 10944K,  66% used [0x09950000, 0x0a077ac0, 0x0a077c00, 0x0a400000)
 Metaspace       used 7749K, capacity 7909K, committed 8064K, reserved 8576K
}

